<?xml version="1.0" encoding="UTF-8" ?>
<testsuite tests="9" failures="0" name="Part2_Multiplayer_Game.Tressure_Finder_Game.GameEngineTest" time="0" errors="0" skipped="0">
  <properties>
    <property name="java.runtime.name" value="Java(TM) SE Runtime Environment"/>
    <property name="java.vm.version" value="9.0.4+11"/>
    <property name="sun.boot.library.path" value="C:\Program Files\Java\jdk-9.0.4\bin"/>
    <property name="maven.multiModuleProjectDirectory" value="C:\Users\Dylan Galea\Desktop\CPS2002_SE_GD"/>
    <property name="java.vm.vendor" value="Oracle Corporation"/>
    <property name="java.vendor.url" value="http://java.oracle.com/"/>
    <property name="path.separator" value=";"/>
    <property name="guice.disable.misplaced.annotation.check" value="true"/>
    <property name="java.vm.name" value="Java HotSpot(TM) 64-Bit Server VM"/>
    <property name="file.encoding.pkg" value="sun.io"/>
    <property name="user.country" value="GB"/>
    <property name="sun.java.launcher" value="SUN_STANDARD"/>
    <property name="user.script" value=""/>
    <property name="sun.os.patch.level" value=""/>
    <property name="user.dir" value="C:\Users\Dylan Galea\Desktop\CPS2002_SE_GD"/>
    <property name="java.vm.compressedOopsMode" value="32-bit"/>
    <property name="java.vm.specification.name" value="Java Virtual Machine Specification"/>
    <property name="java.runtime.version" value="9.0.4+11"/>
    <property name="java.awt.graphicsenv" value="sun.awt.Win32GraphicsEnvironment"/>
    <property name="os.arch" value="amd64"/>
    <property name="java.io.tmpdir" value="C:\Users\DYLANG~1\AppData\Local\Temp\"/>
    <property name="line.separator" value="
"/>
    <property name="java.vm.specification.vendor" value="Oracle Corporation"/>
    <property name="user.variant" value=""/>
    <property name="os.name" value="Windows 10"/>
    <property name="classworlds.conf" value="C:\Users\Dylan Galea\Desktop\apache-maven-3.5.2\bin\..\bin\m2.conf"/>
    <property name="sun.jnu.encoding" value="Cp1252"/>
    <property name="java.library.path" value="C:\Program Files\Java\jdk-9.0.4\bin;C:\WINDOWS\Sun\Java\bin;C:\WINDOWS\system32;C:\WINDOWS;C:\Program Files\Haskell\bin;C:\Program Files\Haskell Platform\8.2.1\lib\extralibs\bin;C:\Program Files\Haskell Platform\8.2.1\bin;c:\winbuilds\bin;c:\winbuilds\libexec\gcc\x86_64-pc-mingw32\6.2.0;C:\ProgramData\Oracle\Java\javapath;C:\winbuilds\include;C:\winbuilds\lib64;C:\winbuilds\x86_64-w64-mingw32\bin;C:\winbuilds\x86_64-w64-mingw32\include;C:\winbuilds\x86_64-w64-mingw32\lib;C:\winbuilds\x86_64-w64-mingw32\lib32;C:\WINDOWS\system32;C:\WINDOWS;C:\WINDOWS\System32\Wbem;C:\WINDOWS\System32\WindowsPowerShell\v1.0\;C:\Program Files\Intel\WiFi\bin\;C:\Program Files\Common Files\Intel\WirelessCommon\;C:\Program Files (x86)\Skype\Phone\;C:\Program Files\Haskell Platform\8.2.1\mingw\bin;C:\Program Files\MATLAB\MATLAB Production Server\R2015a\runtime\win64;C:\Program Files\MATLAB\MATLAB Production Server\R2015a\bin;C:\Program Files\MATLAB\MATLAB Production Server\R2015a\polyspace\bin;C:\Go\bin;C:\Program Files\Git\cmd;C:\Users\Dylan Galea\Desktop\apache-maven-3.5.2\bin;C:\Users\Dylan Galea\AppData\Roaming\cabal\;C:\Users\Dylan Galea\AppData\Roaming\cabal\bin;C:\Users\Dylan Galea\AppData\Roaming\local\bin;C:\Users\Dylan Galea\AppData\Local\Programs\Python\Python35-32\Scripts\;C:\Users\Dylan Galea\AppData\Local\Programs\Python\Python35-32\;C:\Users\Dylan Galea\AppData\Local\Microsoft\WindowsApps;C:\Program Files (x86)\erl8.3\bin;;."/>
    <property name="maven.conf" value="C:\Users\Dylan Galea\Desktop\apache-maven-3.5.2\bin\../conf"/>
    <property name="jdk.debug" value="release"/>
    <property name="java.class.version" value="53.0"/>
    <property name="java.specification.name" value="Java Platform API Specification"/>
    <property name="sun.management.compiler" value="HotSpot 64-Bit Tiered Compilers"/>
    <property name="os.version" value="10.0"/>
    <property name="library.jansi.path" value="C:\Users\Dylan Galea\Desktop\apache-maven-3.5.2\bin\..\lib\jansi-native"/>
    <property name="user.home" value="C:\Users\Dylan Galea"/>
    <property name="user.timezone" value="Europe/Berlin"/>
    <property name="java.awt.printerjob" value="sun.awt.windows.WPrinterJob"/>
    <property name="file.encoding" value="Cp1252"/>
    <property name="java.specification.version" value="9"/>
    <property name="java.class.path" value="C:\Users\Dylan Galea\Desktop\apache-maven-3.5.2\bin\..\boot\plexus-classworlds-2.5.2.jar"/>
    <property name="user.name" value="Dylan Galea"/>
    <property name="java.vm.specification.version" value="9"/>
    <property name="sun.arch.data.model" value="64"/>
    <property name="sun.java.command" value="org.codehaus.plexus.classworlds.launcher.Launcher clean install emma:emma"/>
    <property name="java.home" value="C:\Program Files\Java\jdk-9.0.4"/>
    <property name="user.language" value="en"/>
    <property name="java.specification.vendor" value="Oracle Corporation"/>
    <property name="awt.toolkit" value="sun.awt.windows.WToolkit"/>
    <property name="java.vm.info" value="mixed mode"/>
    <property name="java.version" value="9.0.4"/>
    <property name="java.vendor" value="Oracle Corporation"/>
    <property name="sun.stderr.encoding" value="cp850"/>
    <property name="maven.home" value="C:\Users\Dylan Galea\Desktop\apache-maven-3.5.2\bin\.."/>
    <property name="file.separator" value="\"/>
    <property name="java.vendor.url.bug" value="http://bugreport.java.com/bugreport/"/>
    <property name="sun.cpu.endian" value="little"/>
    <property name="sun.io.unicode.encoding" value="UnicodeLittle"/>
    <property name="sun.stdout.encoding" value="cp850"/>
    <property name="sun.desktop" value="windows"/>
    <property name="sun.cpu.isalist" value="amd64"/>
  </properties>
  <testcase classname="Part2_Multiplayer_Game.Tressure_Finder_Game.GameEngineTest" name="testInvalidMapSizeNonDefaultConstructorM" time="0"/>
  <testcase classname="Part2_Multiplayer_Game.Tressure_Finder_Game.GameEngineTest" name="testStartingPositionCorrectness" time="0"/>
  <testcase classname="Part2_Multiplayer_Game.Tressure_Finder_Game.GameEngineTest" name="testValidNumberOfPlayersInput" time="0"/>
  <testcase classname="Part2_Multiplayer_Game.Tressure_Finder_Game.GameEngineTest" name="testInvalidNumberOfPlayersNonDefaultConstructorM" time="0"/>
  <testcase classname="Part2_Multiplayer_Game.Tressure_Finder_Game.GameEngineTest" name="testInitializedProperly" time="0"/>
  <testcase classname="Part2_Multiplayer_Game.Tressure_Finder_Game.GameEngineTest" name="testValidMapSizeInput" time="0"/>
  <testcase classname="Part2_Multiplayer_Game.Tressure_Finder_Game.GameEngineTest" name="testInvalidMapSizeInput1" time="0"/>
  <testcase classname="Part2_Multiplayer_Game.Tressure_Finder_Game.GameEngineTest" name="testInvalidMapSizeInput2" time="0"/>
  <testcase classname="Part2_Multiplayer_Game.Tressure_Finder_Game.GameEngineTest" name="testInvalidNumberOfPlayersInput" time="0"/>
</testsuite>